This is pdfTeX, Version 3.141592653-2.6-1.40.25 (TeX Live 2023/Debian) (preloaded format=pdflatex 2025.11.2)  4 FEB 2026 13:04
entering extended mode
 restricted \write18 enabled.
 file:line:error style messages enabled.
 %&-line parsing enabled.
**/home/prome/Documents/Residencia-Docs/DocumentacionOFICIAL/Semana2-01-07/DocumentacionBaseDatos/ExplicacionBaseDatos.tex
(/home/prome/Documents/Residencia-Docs/DocumentacionOFICIAL/Semana2-01-07/DocumentacionBaseDatos/ExplicacionBaseDatos.tex
LaTeX2e <2023-11-01> patch level 1
L3 programming layer <2024-01-22>
(/usr/share/texlive/texmf-dist/tex/latex/base/article.cls
Document Class: article 2023/05/17 v1.4n Standard LaTeX document class
(/usr/share/texlive/texmf-dist/tex/latex/base/size12.clo
File: size12.clo 2023/05/17 v1.4n Standard LaTeX file (size option)
)
\c@part=\count187
\c@section=\count188
\c@subsection=\count189
\c@subsubsection=\count190
\c@paragraph=\count191
\c@subparagraph=\count192
\c@figure=\count193
\c@table=\count194
\abovecaptionskip=\skip48
\belowcaptionskip=\skip49
\bibindent=\dimen140
) (/usr/share/texlive/texmf-dist/tex/latex/base/fontenc.sty
Package: fontenc 2021/04/29 v2.0v Standard LaTeX package
) (/usr/share/texlive/texmf-dist/tex/latex/base/inputenc.sty
Package: inputenc 2021/02/14 v1.3d Input encoding file
\inpenc@prehook=\toks17
\inpenc@posthook=\toks18
) (/usr/share/texlive/texmf-dist/tex/generic/babel/babel.sty
Package: babel 2024/01/07 v24.1 The Babel package
\babel@savecnt=\count195
\U@D=\dimen141
\l@unhyphenated=\language89
 (/usr/share/texlive/texmf-dist/tex/generic/babel/txtbabel.def)
\bbl@readstream=\read2
\bbl@dirlevel=\count196
 (/usr/share/texlive/texmf-dist/tex/generic/babel-spanish/spanish.ldf
Language: spanish.ldf 2021/05/27 v5.0q Spanish support from the babel system
\es@quottoks=\toks19
\es@quotdepth=\count197
Package babel Info: Making " an active character on input line 570.
Package babel Info: Making . an active character on input line 675.
Package babel Info: Making < an active character on input line 722.
Package babel Info: Making > an active character on input line 722.
)) (/usr/share/texlive/texmf-dist/tex/generic/babel/locale/es/babel-spanish.tex
Package babel Info: Importing font and identification data for spanish
(babel)             from babel-es.ini. Reported on input line 11.
) (/usr/share/texlive/texmf-dist/tex/latex/geometry/geometry.sty
Package: geometry 2020/01/02 v5.9 Page Geometry
 (/usr/share/texlive/texmf-dist/tex/latex/graphics/keyval.sty
Package: keyval 2022/05/29 v1.15 key=value parser (DPC)
\KV@toks@=\toks20
) (/usr/share/texlive/texmf-dist/tex/generic/iftex/ifvtex.sty
Package: ifvtex 2019/10/25 v1.7 ifvtex legacy package. Use iftex instead.
 (/usr/share/texlive/texmf-dist/tex/generic/iftex/iftex.sty
Package: iftex 2022/02/03 v1.0f TeX engine tests
))
\Gm@cnth=\count198
\Gm@cntv=\count199
\c@Gm@tempcnt=\count266
\Gm@bindingoffset=\dimen142
\Gm@wd@mp=\dimen143
\Gm@odd@mp=\dimen144
\Gm@even@mp=\dimen145
\Gm@layoutwidth=\dimen146
\Gm@layoutheight=\dimen147
\Gm@layouthoffset=\dimen148
\Gm@layoutvoffset=\dimen149
\Gm@dimlist=\toks21
) (/usr/share/texlive/texmf-dist/tex/latex/hyperref/hyperref.sty
Package: hyperref 2024-01-20 v7.01h Hypertext links for LaTeX
 (/usr/share/texlive/texmf-dist/tex/latex/kvsetkeys/kvsetkeys.sty
Package: kvsetkeys 2022-10-05 v1.19 Key value parser (HO)
) (/usr/share/texlive/texmf-dist/tex/generic/kvdefinekeys/kvdefinekeys.sty
Package: kvdefinekeys 2019-12-19 v1.6 Define keys (HO)
) (/usr/share/texlive/texmf-dist/tex/generic/pdfescape/pdfescape.sty
Package: pdfescape 2019/12/09 v1.15 Implements pdfTeX's escape features (HO)
 (/usr/share/texlive/texmf-dist/tex/generic/ltxcmds/ltxcmds.sty
Package: ltxcmds 2023-12-04 v1.26 LaTeX kernel commands for general use (HO)
) (/usr/share/texlive/texmf-dist/tex/generic/pdftexcmds/pdftexcmds.sty
Package: pdftexcmds 2020-06-27 v0.33 Utility functions of pdfTeX for LuaTeX (HO)
 (/usr/share/texlive/texmf-dist/tex/generic/infwarerr/infwarerr.sty
Package: infwarerr 2019/12/03 v1.5 Providing info/warning/error messages (HO)
)
Package pdftexcmds Info: \pdf@primitive is available.
Package pdftexcmds Info: \pdf@ifprimitive is available.
Package pdftexcmds Info: \pdfdraftmode found.
)) (/usr/share/texlive/texmf-dist/tex/latex/hycolor/hycolor.sty
Package: hycolor 2020-01-27 v1.10 Color options for hyperref/bookmark (HO)
) (/usr/share/texlive/texmf-dist/tex/latex/auxhook/auxhook.sty
Package: auxhook 2019-12-17 v1.6 Hooks for auxiliary files (HO)
) (/usr/share/texlive/texmf-dist/tex/latex/hyperref/nameref.sty
Package: nameref 2023-11-26 v2.56 Cross-referencing by name of section
 (/usr/share/texlive/texmf-dist/tex/latex/refcount/refcount.sty
Package: refcount 2019/12/15 v3.6 Data extraction from label references (HO)
) (/usr/share/texlive/texmf-dist/tex/generic/gettitlestring/gettitlestring.sty
Package: gettitlestring 2019/12/15 v1.6 Cleanup title references (HO)
 (/usr/share/texlive/texmf-dist/tex/latex/kvoptions/kvoptions.sty
Package: kvoptions 2022-06-15 v3.15 Key value format for package options (HO)
))
\c@section@level=\count267
) (/usr/share/texlive/texmf-dist/tex/latex/etoolbox/etoolbox.sty
Package: etoolbox 2020/10/05 v2.5k e-TeX tools for LaTeX (JAW)
\etb@tempcnta=\count268
)
\@linkdim=\dimen150
\Hy@linkcounter=\count269
\Hy@pagecounter=\count270
 (/usr/share/texlive/texmf-dist/tex/latex/hyperref/pd1enc.def
File: pd1enc.def 2024-01-20 v7.01h Hyperref: PDFDocEncoding definition (HO)
Now handling font encoding PD1 ...
... no UTF-8 mapping file for font encoding PD1
) (/usr/share/texlive/texmf-dist/tex/generic/intcalc/intcalc.sty
Package: intcalc 2019/12/15 v1.3 Expandable calculations with integers (HO)
)
\Hy@SavedSpaceFactor=\count271
 (/usr/share/texlive/texmf-dist/tex/latex/hyperref/puenc.def
File: puenc.def 2024-01-20 v7.01h Hyperref: PDF Unicode definition (HO)
Now handling font encoding PU ...
... no UTF-8 mapping file for font encoding PU
)
Package hyperref Info: Hyper figures OFF on input line 4179.
Package hyperref Info: Link nesting OFF on input line 4184.
Package hyperref Info: Hyper index ON on input line 4187.
Package hyperref Info: Plain pages OFF on input line 4194.
Package hyperref Info: Backreferencing OFF on input line 4199.
Package hyperref Info: Implicit mode ON; LaTeX internals redefined.
Package hyperref Info: Bookmarks ON on input line 4446.
\c@Hy@tempcnt=\count272
 (/usr/share/texlive/texmf-dist/tex/latex/url/url.sty
\Urlmuskip=\muskip16
Package: url 2013/09/16  ver 3.4  Verb mode for urls, etc.
)
LaTeX Info: Redefining \url on input line 4784.
\XeTeXLinkMargin=\dimen151
 (/usr/share/texlive/texmf-dist/tex/generic/bitset/bitset.sty
Package: bitset 2019/12/09 v1.3 Handle bit-vector datatype (HO)
 (/usr/share/texlive/texmf-dist/tex/generic/bigintcalc/bigintcalc.sty
Package: bigintcalc 2019/12/15 v1.5 Expandable calculations on big integers (HO)
))
\Fld@menulength=\count273
\Field@Width=\dimen152
\Fld@charsize=\dimen153
Package hyperref Info: Hyper figures OFF on input line 6063.
Package hyperref Info: Link nesting OFF on input line 6068.
Package hyperref Info: Hyper index ON on input line 6071.
Package hyperref Info: backreferencing OFF on input line 6078.
Package hyperref Info: Link coloring OFF on input line 6083.
Package hyperref Info: Link coloring with OCG OFF on input line 6088.
Package hyperref Info: PDF/A mode OFF on input line 6093.
 (/usr/share/texlive/texmf-dist/tex/latex/base/atbegshi-ltx.sty
Package: atbegshi-ltx 2021/01/10 v1.0c Emulation of the original atbegshi
package with kernel methods
)
\Hy@abspage=\count274
\c@Item=\count275
\c@Hfootnote=\count276
)
Package hyperref Info: Driver (autodetected): hpdftex.
 (/usr/share/texlive/texmf-dist/tex/latex/hyperref/hpdftex.def
File: hpdftex.def 2024-01-20 v7.01h Hyperref driver for pdfTeX
 (/usr/share/texlive/texmf-dist/tex/latex/base/atveryend-ltx.sty
Package: atveryend-ltx 2020/08/19 v1.0a Emulation of the original atveryend package
with kernel methods
)
\Fld@listcount=\count277
\c@bookmark@seq@number=\count278
 (/usr/share/texlive/texmf-dist/tex/latex/rerunfilecheck/rerunfilecheck.sty
Package: rerunfilecheck 2022-07-10 v1.10 Rerun checks for auxiliary files (HO)
 (/usr/share/texlive/texmf-dist/tex/generic/uniquecounter/uniquecounter.sty
Package: uniquecounter 2019/12/15 v1.4 Provide unlimited unique counter (HO)
)
Package uniquecounter Info: New unique counter `rerunfilecheck' on input line 285.
)
\Hy@SectionHShift=\skip50
) (/usr/share/texlive/texmf-dist/tex/latex/booktabs/booktabs.sty
Package: booktabs 2020/01/12 v1.61803398 Publication quality tables
\heavyrulewidth=\dimen154
\lightrulewidth=\dimen155
\cmidrulewidth=\dimen156
\belowrulesep=\dimen157
\belowbottomsep=\dimen158
\aboverulesep=\dimen159
\abovetopsep=\dimen160
\cmidrulesep=\dimen161
\cmidrulekern=\dimen162
\defaultaddspace=\dimen163
\@cmidla=\count279
\@cmidlb=\count280
\@aboverulesep=\dimen164
\@belowrulesep=\dimen165
\@thisruleclass=\count281
\@lastruleclass=\count282
\@thisrulewidth=\dimen166
) (/usr/share/texlive/texmf-dist/tex/latex/tools/longtable.sty
Package: longtable 2023-11-01 v4.19 Multi-page Table package (DPC)
\LTleft=\skip51
\LTright=\skip52
\LTpre=\skip53
\LTpost=\skip54
\LTchunksize=\count283
\LTcapwidth=\dimen167
\LT@head=\box51
\LT@firsthead=\box52
\LT@foot=\box53
\LT@lastfoot=\box54
\LT@gbox=\box55
\LT@cols=\count284
\LT@rows=\count285
\c@LT@tables=\count286
\c@LT@chunks=\count287
\LT@p@ftn=\toks22
) (/usr/share/texlive/texmf-dist/tex/latex/tools/array.sty
Package: array 2023/10/16 v2.5g Tabular extension package (FMi)
\col@sep=\dimen168
\ar@mcellbox=\box56
\extrarowheight=\dimen169
\NC@list=\toks23
\extratabsurround=\skip55
\backup@length=\skip56
\ar@cellbox=\box57
) (/usr/share/texlive/texmf-dist/tex/latex/l3backend/l3backend-pdftex.def
File: l3backend-pdftex.def 2024-01-04 L3 backend support: PDF output (pdfTeX)
\l__color_backend_stack_int=\count288
\l__pdf_internal_box=\box58
) (./ExplicacionBaseDatos.aux
LaTeX Info: Redefining \. on input line 11.
LaTeX Info: Redefining \% on input line 11.
)
\openout1 = `ExplicacionBaseDatos.aux'.

LaTeX Font Info:    Checking defaults for OML/cmm/m/it on input line 21.
LaTeX Font Info:    ... okay on input line 21.
LaTeX Font Info:    Checking defaults for OMS/cmsy/m/n on input line 21.
LaTeX Font Info:    ... okay on input line 21.
LaTeX Font Info:    Checking defaults for OT1/cmr/m/n on input line 21.
LaTeX Font Info:    ... okay on input line 21.
LaTeX Font Info:    Checking defaults for T1/cmr/m/n on input line 21.
LaTeX Font Info:    ... okay on input line 21.
LaTeX Font Info:    Checking defaults for TS1/cmr/m/n on input line 21.
LaTeX Font Info:    ... okay on input line 21.
LaTeX Font Info:    Checking defaults for OMX/cmex/m/n on input line 21.
LaTeX Font Info:    ... okay on input line 21.
LaTeX Font Info:    Checking defaults for U/cmr/m/n on input line 21.
LaTeX Font Info:    ... okay on input line 21.
LaTeX Font Info:    Checking defaults for PD1/pdf/m/n on input line 21.
LaTeX Font Info:    ... okay on input line 21.
LaTeX Font Info:    Checking defaults for PU/pdf/m/n on input line 21.
LaTeX Font Info:    ... okay on input line 21.
LaTeX Info: Redefining \. on input line 21.
LaTeX Info: Redefining \% on input line 21.

*geometry* driver: auto-detecting
*geometry* detected driver: pdftex
*geometry* verbose mode - [ preamble ] result:
* driver: pdftex
* paper: a4paper
* layout: <same size as paper>
* layoutoffset:(h,v)=(0.0pt,0.0pt)
* modes: 
* h-part:(L,W,R)=(71.13188pt, 455.24411pt, 71.13188pt)
* v-part:(T,H,B)=(71.13188pt, 702.78308pt, 71.13188pt)
* \paperwidth=597.50787pt
* \paperheight=845.04684pt
* \textwidth=455.24411pt
* \textheight=702.78308pt
* \oddsidemargin=-1.1381pt
* \evensidemargin=-1.1381pt
* \topmargin=-38.1381pt
* \headheight=12.0pt
* \headsep=25.0pt
* \topskip=12.0pt
* \footskip=30.0pt
* \marginparwidth=35.0pt
* \marginparsep=10.0pt
* \columnsep=10.0pt
* \skip\footins=10.8pt plus 4.0pt minus 2.0pt
* \hoffset=0.0pt
* \voffset=0.0pt
* \mag=1000
* \@twocolumnfalse
* \@twosidefalse
* \@mparswitchfalse
* \@reversemarginfalse
* (1in=72.27pt=25.4mm, 1cm=28.453pt)

Package hyperref Info: Link coloring OFF on input line 21.
(./ExplicacionBaseDatos.out) (./ExplicacionBaseDatos.out)
\@outlinefile=\write3
\openout3 = `ExplicacionBaseDatos.out'.

LaTeX Font Info:    External font `cmex10' loaded for size
(Font)              <14.4> on input line 23.
LaTeX Font Info:    External font `cmex10' loaded for size
(Font)              <7> on input line 23.
LaTeX Font Info:    Trying to load font information for T1+cmtt on input line 39.
 (/usr/share/texlive/texmf-dist/tex/latex/base/t1cmtt.fd
File: t1cmtt.fd 2023/04/13 v2.5m Standard LaTeX font definitions
)
LaTeX Font Info:    Font shape `T1/cmtt/bx/n' in size <14.4> not available
(Font)              Font shape `T1/cmtt/m/n' tried instead on input line 39.
 [1

{/var/lib/texmf/fonts/map/pdftex/updmap/pdftex.map}{/usr/share/texmf/fonts/enc/dvips/cm-super/cm-super-t1.enc}]
Overfull \hbox (3.7007pt too wide) in paragraph at lines 61--64
\T1/cmtt/m/n/12 numero_ficha \T1/cmr/m/n/12 (ex-clu-si-vos). La ca-rre-ra se al-ma-ce-na co-mo da-tos ope-ra-ti-vos (\T1/cmtt/m/n/12 carrera_clave
 []


Overfull \hbox (52.45674pt too wide) in paragraph at lines 61--64
\T1/cmr/bx/n/12 Referencia ope-ra-ti-va a evi-den-cias vi-gen-tes. \T1/cmr/m/n/12 Los cam-pos \T1/cmtt/m/n/12 foto_archivo_id\T1/cmr/m/n/12 , \T1/cmtt/m/n/12 firma_archivo_id
 []

[2]
Overfull \hbox (80.5666pt too wide) in paragraph at lines 79--81
\T1/cmr/bx/n/12 Justificación. \T1/cmr/m/n/12 Con-ser-va tra-za-bi-li-dad do-cu-men-tal por turno y se-sión. El cam-po \T1/cmtt/m/n/12 reemplaza_evidencia_id
 []


Overfull \hbox (33.8891pt too wide) in paragraph at lines 99--101
[]\T1/cmr/bx/n/12 Función. \T1/cmr/m/n/12 Re-gis-tra fa-llas re-le-van-tes del pro-ce-so con des-crip-ción y con-tex-to en \T1/cmtt/m/n/12 snapshot_json\T1/cmr/m/n/12 . 
 []

[3]
Overfull \hbox (4.47966pt too wide) in paragraph at lines 125--127
[]\T1/cmr/bx/n/12 Implementación. \T1/cmtt/m/n/12 sesiones_captura.turno_id \T1/cmr/m/n/12 re-fe-ren-cia \T1/cmtt/m/n/12 turnos.id\T1/cmr/m/n/12 . Op-cio-nal-men-
 []


Overfull \hbox (60.05086pt too wide) in paragraph at lines 129--131
[]\T1/cmr/bx/n/12 Implementación. \T1/cmtt/m/n/12 evidencias_captura.sesion_captura_id \T1/cmr/m/n/12 re-fe-ren-cia \T1/cmtt/m/n/12 sesiones_captura.id\T1/cmr/m/n/12 .
 []


Overfull \hbox (124.70102pt too wide) in paragraph at lines 137--139
[]\T1/cmr/bx/n/12 Implementación. \T1/cmtt/m/n/12 alumnos.foto_archivo_id\T1/cmr/m/n/12 , \T1/cmtt/m/n/12 alumnos.firma_archivo_id \T1/cmr/m/n/12 y \T1/cmtt/m/n/12 alumnos.huella_archivo_id
 []

[4]
Overfull \hbox (161.43723pt too wide) in paragraph at lines 141--143
[]\T1/cmr/bx/n/12 Implementación. \T1/cmtt/m/n/12 validaciones_personal.turno_id \T1/cmr/m/n/12 re-fe-ren-cia \T1/cmtt/m/n/12 turnos.id\T1/cmr/m/n/12 ; \T1/cmtt/m/n/12 validaciones_personal.usuario_id
 []


Overfull \hbox (163.55336pt too wide) in paragraph at lines 145--147
[]\T1/cmr/bx/n/12 Implementación. \T1/cmtt/m/n/12 credenciales_pdf.turno_id \T1/cmr/m/n/12 (úni-co) re-fe-ren-cia \T1/cmtt/m/n/12 turnos.id\T1/cmr/m/n/12 ; \T1/cmtt/m/n/12 credenciales_pdf.archivo_pdf_id
 []


Overfull \hbox (39.76286pt too wide) in paragraph at lines 145--147
\T1/cmr/m/n/12 re-fe-ren-cia \T1/cmtt/m/n/12 archivos.id\T1/cmr/m/n/12 ; \T1/cmtt/m/n/12 credenciales_pdf.generado_por_usuario_id \T1/cmr/m/n/12 re-fe-ren-cia \T1/cmtt/m/n/12 usuarios.id
 []


Overfull \hbox (37.96738pt too wide) in paragraph at lines 149--151
[]\T1/cmr/bx/n/12 Implementación. \T1/cmtt/m/n/12 impresiones.turno_id \T1/cmr/m/n/12 re-fe-ren-cia \T1/cmtt/m/n/12 turnos.id\T1/cmr/m/n/12 ; \T1/cmtt/m/n/12 impresiones.usuario_id
 []


Overfull \hbox (151.20638pt too wide) in paragraph at lines 153--155
[]\T1/cmr/bx/n/12 Implementación. \T1/cmtt/m/n/12 acuses_entrega.turno_id \T1/cmr/m/n/12 (úni-co) re-fe-ren-cia \T1/cmtt/m/n/12 turnos.id\T1/cmr/m/n/12 ; \T1/cmtt/m/n/12 acuses_entrega.archivo_acuse_id
 []


Overfull \hbox (37.96738pt too wide) in paragraph at lines 157--159
[]\T1/cmr/bx/n/12 Implementación. \T1/cmtt/m/n/12 incidencias.turno_id \T1/cmr/m/n/12 re-fe-ren-cia \T1/cmtt/m/n/12 turnos.id\T1/cmr/m/n/12 ; \T1/cmtt/m/n/12 incidencias.usuario_id
 []

[5]
Overfull \hbox (65.72722pt too wide) in paragraph at lines 176--177
\T1/cmtt/m/n/12 turno_generado\T1/cmr/m/n/12 , \T1/cmtt/m/n/12 preregistro_iniciado\T1/cmr/m/n/12 , con-fir-ma-cio-nes de da-tos e in-di-ca-cio-nes, \T1/cmtt/m/n/12 firma_registrada\T1/cmr/m/n/12 ,
 []


Overfull \hbox (77.73961pt too wide) in paragraph at lines 176--177
\T1/cmtt/m/n/12 huella_registrada\T1/cmr/m/n/12 , \T1/cmtt/m/n/12 foto_registrada\T1/cmr/m/n/12 , \T1/cmtt/m/n/12 capturado\T1/cmr/m/n/12 , \T1/cmtt/m/n/12 en_validacion_personal\T1/cmr/m/n/12 , \T1/cmtt/m/n/12 recaptura_requerida\T1/cmr/m/n/12 ,
 []


Overfull \hbox (71.26619pt too wide) in paragraph at lines 176--177
\T1/cmtt/m/n/12 listo_para_impresion\T1/cmr/m/n/12 , \T1/cmtt/m/n/12 pdf_generado\T1/cmr/m/n/12 , \T1/cmtt/m/n/12 en_impresion\T1/cmr/m/n/12 , \T1/cmtt/m/n/12 error_impresion\T1/cmr/m/n/12 , \T1/cmtt/m/n/12 impreso\T1/cmr/m/n/12 , \T1/cmtt/m/n/12 acuse_generado\T1/cmr/m/n/12 ,
 []

[6]
Overfull \hbox (3.00047pt too wide) in paragraph at lines 195--195
 []|\T1/cmr/bx/n/12 NULL| 
 []


Overfull \hbox (42.92812pt too wide) in alignment at lines 193--197
 [] [] [] [] [] 
 []


Overfull \hbox (42.92812pt too wide) in alignment at lines 197--202
 [] [] [] [] [] 
 []


Overfull \hbox (3.00047pt too wide) in paragraph at lines 208--208
 []|\T1/cmr/bx/n/12 NULL| 
 []


Overfull \hbox (42.92812pt too wide) in alignment at lines 206--210
 [] [] [] [] [] 
 []


Overfull \hbox (42.92812pt too wide) in alignment at lines 210--219
 [] [] [] [] [] 
 []


Overfull \hbox (3.00047pt too wide) in paragraph at lines 225--225
 []|\T1/cmr/bx/n/12 NULL| 
 []


Overfull \hbox (42.92812pt too wide) in alignment at lines 223--227
 [] [] [] [] [] 
 []


Overfull \hbox (42.92812pt too wide) in alignment at lines 227--232
 [] [] [] [] [] 
 []


Overfull \hbox (3.00047pt too wide) in paragraph at lines 238--238
 []|\T1/cmr/bx/n/12 NULL| 
 []


Overfull \hbox (42.92812pt too wide) in alignment at lines 236--240
 [] [] [] [] [] 
 []


Overfull \hbox (42.92812pt too wide) in alignment at lines 240--247
 [] [] [] [] [] 
 []

[7

]
Overfull \hbox (3.00047pt too wide) in paragraph at lines 253--253
 []|\T1/cmr/bx/n/12 NULL| 
 []


Overfull \hbox (42.92812pt too wide) in alignment at lines 251--255
 [] [] [] [] [] 
 []


Overfull \hbox (42.92812pt too wide) in alignment at lines 255--264
 [] [] [] [] [] 
 []


Overfull \hbox (3.00047pt too wide) in paragraph at lines 270--270
 []|\T1/cmr/bx/n/12 NULL| 
 []


Overfull \hbox (42.92812pt too wide) in alignment at lines 268--272
 [] [] [] [] [] 
 []


Overfull \hbox (2.602pt too wide) in paragraph at lines 276--276
[]|\T1/cmr/m/n/12 nombre_completo|  
 []


Overfull \hbox (1.34592pt too wide) in paragraph at lines 279--279
[]|\T1/cmr/m/n/12 FK(\T1/cmtt/m/n/12 archivos\T1/cmr/m/n/12 )|  
 []


Overfull \hbox (0.64407pt too wide) in paragraph at lines 280--280
[]|\T1/cmr/m/n/12 firma_archivo_id|  
 []


Overfull \hbox (1.34592pt too wide) in paragraph at lines 280--280
[]|\T1/cmr/m/n/12 FK(\T1/cmtt/m/n/12 archivos\T1/cmr/m/n/12 )|  
 []


Overfull \hbox (4.23346pt too wide) in paragraph at lines 281--281
[]|\T1/cmr/m/n/12 huella_archivo_id|  
 []


Overfull \hbox (1.34592pt too wide) in paragraph at lines 281--281
[]|\T1/cmr/m/n/12 FK(\T1/cmtt/m/n/12 archivos\T1/cmr/m/n/12 )|  
 []


Overfull \hbox (42.92812pt too wide) in alignment at lines 272--285
 [] [] [] [] [] 
 []

[8]
Overfull \hbox (3.00047pt too wide) in paragraph at lines 291--291
 []|\T1/cmr/bx/n/12 NULL| 
 []


Overfull \hbox (42.92813pt too wide) in alignment at lines 289--293
 [] [] [] [] [] 
 []


Overfull \hbox (1.10094pt too wide) in paragraph at lines 297--297
[]|\T1/cmr/m/n/12 estatus_turno_id|  
 []


Overfull \hbox (51.21687pt too wide) in paragraph at lines 297--297
[]|\T1/cmr/m/n/12 FK(\T1/cmtt/m/n/12 cat_estatus_turno\T1/cmr/m/n/12 )|  
 []


Overfull \hbox (8.00243pt too wide) in paragraph at lines 298--298
[]|\T1/cmr/m/n/12 FK(\T1/cmtt/m/n/12 cat_etapas\T1/cmr/m/n/12 )|  
 []


Overfull \hbox (42.92813pt too wide) in alignment at lines 293--306
 [] [] [] [] [] 
 []


Overfull \hbox (3.00047pt too wide) in paragraph at lines 312--312
 []|\T1/cmr/bx/n/12 NULL| 
 []


Overfull \hbox (42.92813pt too wide) in alignment at lines 310--314
 [] [] [] [] [] 
 []


Overfull \hbox (5.21246pt too wide) in paragraph at lines 318--318
[]|\T1/cmr/m/n/12 etapa_anterior_id|  
 []


Overfull \hbox (8.00243pt too wide) in paragraph at lines 318--318
[]|\T1/cmr/m/n/12 FK(\T1/cmtt/m/n/12 cat_etapas\T1/cmr/m/n/12 )|  
 []


Overfull \hbox (8.00243pt too wide) in paragraph at lines 319--319
[]|\T1/cmr/m/n/12 FK(\T1/cmtt/m/n/12 cat_etapas\T1/cmr/m/n/12 )|  
 []


Overfull \hbox (13.17438pt too wide) in paragraph at lines 320--320
[]|\T1/cmr/m/n/12 estatus_anterior_id|  
 []


Overfull \hbox (51.21687pt too wide) in paragraph at lines 320--320
[]|\T1/cmr/m/n/12 FK(\T1/cmtt/m/n/12 cat_estatus_turno\T1/cmr/m/n/12 )|  
 []


Overfull \hbox (2.73248pt too wide) in paragraph at lines 321--321
[]|\T1/cmr/m/n/12 estatus_nuevo_id|  
 []


Overfull \hbox (51.21687pt too wide) in paragraph at lines 321--321
[]|\T1/cmr/m/n/12 FK(\T1/cmtt/m/n/12 cat_estatus_turno\T1/cmr/m/n/12 )|  
 []


Overfull \hbox (42.92813pt too wide) in alignment at lines 314--326
 [] [] [] [] [] 
 []

[9]
Overfull \hbox (3.00047pt too wide) in paragraph at lines 332--332
 []|\T1/cmr/bx/n/12 NULL| 
 []


Overfull \hbox (42.92813pt too wide) in alignment at lines 330--334
 [] [] [] [] [] 
 []


Overfull \hbox (42.92813pt too wide) in alignment at lines 334--344
 [] [] [] [] [] 
 []


Overfull \hbox (3.00047pt too wide) in paragraph at lines 350--350
 []|\T1/cmr/bx/n/12 NULL| 
 []


Overfull \hbox (42.92813pt too wide) in alignment at lines 348--352
 [] [] [] [] [] 
 []


Overfull \hbox (6.32185pt too wide) in paragraph at lines 355--355
[]|\T1/cmr/m/n/12 sesion_captura_id|  
 []


Overfull \hbox (45.04338pt too wide) in paragraph at lines 355--355
[]|\T1/cmr/m/n/12 FK(\T1/cmtt/m/n/12 sesiones_captura\T1/cmr/m/n/12 )|  
 []


Overfull \hbox (35.88548pt too wide) in paragraph at lines 359--359
[]|\T1/cmr/m/n/12 reemplaza_evidencia_id|  
 []


Overfull \hbox (57.39037pt too wide) in paragraph at lines 359--359
[]|\T1/cmr/m/n/12 FK(\T1/cmtt/m/n/12 evidencias_captura\T1/cmr/m/n/12 )|  
 []


Overfull \hbox (42.92813pt too wide) in alignment at lines 352--362
 [] [] [] [] [] 
 []

[10]
Overfull \hbox (3.00047pt too wide) in paragraph at lines 368--368
 []|\T1/cmr/bx/n/12 NULL| 
 []


Overfull \hbox (42.92813pt too wide) in alignment at lines 366--370
 [] [] [] [] [] 
 []


Overfull \hbox (42.92813pt too wide) in alignment at lines 370--378
 [] [] [] [] [] 
 []


Overfull \hbox (3.00047pt too wide) in paragraph at lines 384--384
 []|\T1/cmr/bx/n/12 NULL| 
 []


Overfull \hbox (42.92813pt too wide) in alignment at lines 382--386
 [] [] [] [] [] 
 []


Overfull \hbox (46.39264pt too wide) in paragraph at lines 390--390
[]|\T1/cmr/m/n/12 generado_por_usuario_id|  
 []


Overfull \hbox (42.92813pt too wide) in alignment at lines 386--393
 [] [] [] [] [] 
 []


Overfull \hbox (3.00047pt too wide) in paragraph at lines 399--399
 []|\T1/cmr/bx/n/12 NULL| 
 []


Overfull \hbox (42.92813pt too wide) in alignment at lines 397--401
 [] [] [] [] [] 
 []


Overfull \hbox (42.92813pt too wide) in alignment at lines 401--409
 [] [] [] [] [] 
 []

[11]
Overfull \hbox (3.00047pt too wide) in paragraph at lines 415--415
 []|\T1/cmr/bx/n/12 NULL| 
 []


Overfull \hbox (42.92813pt too wide) in alignment at lines 413--417
 [] [] [] [] [] 
 []


Overfull \hbox (1.36194pt too wide) in paragraph at lines 420--420
[]|\T1/cmr/m/n/12 archivo_acuse_id|  
 []


Overfull \hbox (37.25594pt too wide) in paragraph at lines 421--421
[]|\T1/cmr/m/n/12 firma_acuse_archivo_id|  
 []


Overfull \hbox (42.92813pt too wide) in alignment at lines 417--426
 [] [] [] [] [] 
 []


Overfull \hbox (3.00047pt too wide) in paragraph at lines 432--432
 []|\T1/cmr/bx/n/12 NULL| 
 []


Overfull \hbox (42.92813pt too wide) in alignment at lines 430--434
 [] [] [] [] [] 
 []


Overfull \hbox (8.00243pt too wide) in paragraph at lines 438--438
[]|\T1/cmr/m/n/12 FK(\T1/cmtt/m/n/12 cat_etapas\T1/cmr/m/n/12 )|  
 []


Overfull \hbox (42.92813pt too wide) in alignment at lines 434--444
 [] [] [] [] [] 
 []

[12] (./ExplicacionBaseDatos.aux
LaTeX Info: Redefining \. on input line 11.
LaTeX Info: Redefining \% on input line 11.
)
 ***********
LaTeX2e <2023-11-01> patch level 1
L3 programming layer <2024-01-22>
 ***********
Package rerunfilecheck Info: File `ExplicacionBaseDatos.out' has not changed.
(rerunfilecheck)             Checksum: D8A4BC119248A27483B2C2D75D2F6767;9082.
 ) 
Here is how much of TeX's memory you used:
 10025 strings out of 474222
 157083 string characters out of 5748733
 1952975 words of memory out of 5000000
 32119 multiletter control sequences out of 15000+600000
 565306 words of font info for 49 fonts, out of 8000000 for 9000
 1141 hyphenation exceptions out of 8191
 75i,5n,79p,997b,548s stack positions out of 10000i,1000n,20000p,200000b,200000s
</usr/share/texmf/fonts/type1/public/cm-super/sfbx1200.pfb></usr/share/texmf/fonts/type1/public/cm-super/sfbx1440.pfb></usr/share/texmf/fonts/type1/public/cm-super/sfbx1728.pfb></usr/share/texmf/fonts/type1/public/cm-super/sfrm1200.pfb></usr/share/texmf/fonts/type1/public/cm-super/sfrm2074.pfb></usr/share/texmf/fonts/type1/public/cm-super/sftt1200.pfb></usr/share/texmf/fonts/type1/public/cm-super/sftt1440.pfb>
Output written on ExplicacionBaseDatos.pdf (12 pages, 174589 bytes).
PDF statistics:
 339 PDF objects out of 1000 (max. 8388607)
 307 compressed objects within 4 object streams
 80 named destinations out of 1000 (max. 500000)
 417 words of extra memory for PDF output out of 10000 (max. 10000000)

